[2019/7/28 - 17:26:45] Master Vu has edited DoorID 845's Exterior (B: -1342.598754, -213.787277, 1071.291870 | A: 1480.022216, -1774.050537, 15.328357)
[2019/7/28 - 17:26:57] Master Vu has deleted DoorID 845.
[2019/7/28 - 17:27:09] Master Vu has edited DoorID 854's Exterior (B: 1481.099731, -1772.093139, 18.795749 | A: 1480.105346, -1774.227050, 15.328357)
[2019/7/28 - 17:28:10] Master Vu has edited DoorID 854's CustomExterior.
[2019/7/28 - 17:28:16] Master Vu has edited DoorID 854's CustomInterior.
[2019/7/28 - 17:28:38] Master Vu has edited DoorID 854's Exterior (B: 1480.105346, -1774.227050, 15.328357 | A: 1479.994750, -1774.102172, 15.328357)
[2019/7/28 - 17:38:33] Master Vu has edited DoorID 414's Exterior (B: 1550.613647, -1801.046875, 14.895859 | A: 1480.172851, -1808.135375, 15.329612)
[2019/7/28 - 17:39:11] Master Vu has edited DoorID 414's CustomExterior.
[2019/7/30 - 17:41:50] Master Vua has edited DoorID 2389's Exterior (B: 0.000000, 0.000000, 0.000000 | A: -1679.157836, 59.994430, -11.234375)
[2019/7/30 - 17:41:57] Master Vua has edited DoorID 2389's type.
[2019/7/30 - 17:41:58] Master Vua has edited DoorID 2389's type.
[2019/7/30 - 17:42:01] Master Vua has edited DoorID 2389's type.
[2019/7/30 - 17:42:30] Master Vua has edited door ID 2389's name to /enter de di chuyen xe len.
[2019/7/30 - 17:42:38] Master Vua has edited DoorID 2389's PickupModel.
[2019/7/30 - 17:42:44] Master Vua has edited DoorID 2389's PickupModel.
[2019/7/30 - 17:42:46] Master Vua has edited DoorID 2389's PickupModel.
[2019/7/30 - 17:43:18] Master Vua has edited DoorID 2389's PickupModel.
[2019/7/30 - 17:43:19] Master Vua has edited DoorID 2389's PickupModel.
[2019/7/30 - 17:43:20] Master Vua has edited DoorID 2389's PickupModel.
[2019/7/30 - 17:43:21] Master Vua has edited DoorID 2389's PickupModel.
[2019/7/30 - 17:43:22] Master Vua has edited DoorID 2389's PickupModel.
[2019/7/30 - 17:43:26] Master Vua has edited DoorID 2389's PickupModel.
[2019/7/30 - 17:43:30] Master Vua has edited DoorID 2389's PickupModel.
[2019/7/30 - 17:43:31] Master Vua has edited DoorID 2389's PickupModel.
[2019/7/30 - 17:43:32] Master Vua has edited DoorID 2389's PickupModel.
[2019/7/30 - 17:43:33] Master Vua has edited DoorID 2389's PickupModel.
[2019/7/30 - 17:43:35] Master Vua has edited DoorID 2389's PickupModel.
[2019/7/30 - 17:43:36] Master Vua has edited DoorID 2389's PickupModel.
[2019/7/30 - 17:43:38] Master Vua has edited DoorID 2389's PickupModel.
[2019/7/30 - 17:43:39] Master Vua has edited DoorID 2389's PickupModel.
[2019/7/30 - 17:43:49] Master Vua has edited DoorID 2389's VehicleAble.
[2019/7/30 - 17:43:58] Master Vua has edited DoorID 2389's VehicleAble.
[2019/7/30 - 17:44:18] Master Vua has edited DoorID 2389's Interior (B: 0.000000, 0.000000, 0.000000 | A: -1694.404541, 41.974475, 3.554687)
[2019/7/30 - 17:44:38] Master Vua has edited DoorID 2389's Faction.
[2019/7/30 - 17:45:25] Master Vua has edited DoorID 2389's CustomInterior.
[2019/7/30 - 17:45:34] Master Vua has edited DoorID 2389's CustomExterior.
[2019/7/30 - 21:39:23] Master Vu has edited door ID 809's name to Mullholland Bank.
[2019/7/30 - 21:39:33] Master Vu has edited DoorID 2389's Exterior (B: 0.000000, 0.000000, 0.000000 | A: 1458.245483, -1019.442932, 24.704807)
[2019/7/30 - 21:39:49] Master Vu has edited door ID 2389's name to 1.
[2019/7/30 - 21:39:50] Master Vu has deleted DoorID 2389.
[2019/7/30 - 21:40:19] Master Vu has edited DoorID 2388's type.
[2019/7/30 - 21:40:20] Master Vu has edited DoorID 2388's type.
[2019/7/30 - 22:35:14] Master Vua has edited DoorID 809's CustomInterior.
[2019/7/30 - 22:35:18] Master Vua has edited DoorID 809's CustomExterior.
[2019/7/30 - 22:40:44] Master Vua has edited DoorID 10's Interior (B: 2315.537597, 0.353009, 26.742189 | A: 2315.701171, 0.347734, 26.742187)
[2019/7/30 - 22:41:29] Master Vua has edited DoorID 10's Interior (B: 2315.701171, 0.347734, 26.742187 | A: 2315.574462, 0.312609, 26.742187)
[2019/7/30 - 22:41:52] Master Vua has edited DoorID 10's Interior (B: 2315.574462, 0.312609, 26.742187 | A: 2304.753662, -16.263908, 26.742187)
[2019/7/30 - 22:41:57] Master Vua has edited DoorID 10's CustomExterior.
[2019/7/30 - 22:42:00] Master Vua has edited DoorID 10's CustomInterior.
[2019/7/31 - 17:00:18] Master has edited DoorID 854's Exterior (B: 1481.099731, -1772.093139, 18.795749 | A: 1480.244140, -1774.533569, 15.328357)
[2019/7/31 - 17:00:24] Master has edited DoorID 854's CustomExterior.
[2019/7/31 - 17:00:28] Master has edited DoorID 854's CustomInterior.
[2019/7/31 - 17:01:40] Master has edited DoorID 414's Exterior (B: 1550.613647, -1801.046875, 14.895859 | A: 1480.222534, -1808.134887, 15.329612)
[2019/7/31 - 17:01:43] Master has edited DoorID 414's CustomExterior.
[2019/7/31 - 17:01:46] Master has edited DoorID 414's CustomInterior.
[2019/7/31 - 18:49:36] Master has deleted DoorID 2000.
[2019/7/31 - 18:50:19] Master has edited DoorID 21's type.
[2019/7/31 - 18:51:15] Master has edited DoorID 21's type.
[2019/7/31 - 18:51:17] Master has edited DoorID 21's type.
[2019/7/31 - 18:51:22] Master has edited DoorID 21's type.
[2019/7/31 - 18:51:24] Master has edited DoorID 21's type.
[2019/7/31 - 18:51:31] Master has edited door ID 21's name to Test.
[2019/7/31 - 18:51:35] Master has edited door ID 21's owner to Master (SQL ID: 2).
[2019/8/10 - 22:05:00] Master has edited DoorID 2000's Exterior (B: 0.000000, 0.000000, 0.000000 | A: 368.931976, -2029.141235, 7.671875)
[2019/8/10 - 22:05:10] Master has edited DoorID 2389's Exterior (B: 0.000000, 0.000000, 0.000000 | A: 369.567504, -2025.646118, 7.671875)
[2019/8/10 - 22:05:16] Master has edited door ID 2389's name to test.
[2019/8/10 - 22:05:18] Master has edited door ID 2390's name to test.
[2019/8/10 - 22:08:58] Master has edited door ID 2000's name to asd.
[2019/8/10 - 22:36:01] Master has edited DoorID 0's Exterior (B: 0.000000, 0.000000, 0.000000 | A: 366.565673, -2005.356933, 7.671875)
[2019/8/10 - 22:36:04] Master has edited DoorID 1's Exterior (B: 0.000000, 0.000000, 0.000000 | A: 367.164855, -2004.926147, 7.671875)
[2019/8/10 - 22:36:06] Master has edited door ID 1's name to sad.
[2019/8/10 - 22:36:08] Master has edited door ID 0's name to sad.
